nohup: ignoring input
[31m

processing file: huimori_1_first_analysis.qmd
[39m1/19                  
2/19 [unnamed-chunk-1]
3/19                  
4/19 [unnamed-chunk-2]
5/19                  
6/19 [unnamed-chunk-3]
7/19                  
8/19 [unnamed-chunk-4]
9/19                  
10/19 [unnamed-chunk-5]
11/19                  
12/19 [unnamed-chunk-6]
13/19                  
14/19 [unnamed-chunk-7]
15/19                  
16/19 [unnamed-chunk-8]
17/19                  
18/19 [unnamed-chunk-9]
19/19                  
[31moutput file: huimori_1_first_analysis.knit.md

[39m[1mpandoc [22m
  to: html
  output-file: huimori_1_first_analysis.html
  standalone: true
  embed-resources: true
  section-divs: true
  html-math-method: mathjax
  wrap: none
  default-image-extension: png
  toc: true
  toc-depth: 3
  number-sections: true
  variables: {}
  
[1mmetadata[22m
  document-css: false
  link-citations: true
  date-format: long
  lang: en
  title: huimori_1_first_analysis
  editor: visual
  theme: cosmo
  toc-location: left
  code-summary: 코드 보기
  smooth-scroll: true
  page-layout: full
  
Output created: huimori_1_first_analysis.html

